<INFO><2017-05-24 16:20:01> nl.basjes.parse.useragent.UserAgentAnalyzer.logVersion(UserAgentAnalyzer.java:124)
<INFO><2017-05-24 16:20:01> nl.basjes.parse.useragent.UserAgentAnalyzer.logVersion(UserAgentAnalyzer.java:125)/------------------------------------------------------------\
<INFO><2017-05-24 16:20:01> nl.basjes.parse.useragent.UserAgentAnalyzer.logLine(UserAgentAnalyzer.java:144)| Yauaa 1.3 (v1.2-17 @ 2017-03-29T10:37:41Z)                 |
<INFO><2017-05-24 16:20:01> nl.basjes.parse.useragent.UserAgentAnalyzer.logVersion(UserAgentAnalyzer.java:127)+------------------------------------------------------------+
<INFO><2017-05-24 16:20:01> nl.basjes.parse.useragent.UserAgentAnalyzer.logLine(UserAgentAnalyzer.java:144)| For more information: https://github.com/nielsbasjes/yauaa |
<INFO><2017-05-24 16:20:01> nl.basjes.parse.useragent.UserAgentAnalyzer.logLine(UserAgentAnalyzer.java:144)| Copyright (C) 2013-2017 Niels Basjes - License Apache 2.0  |
<INFO><2017-05-24 16:20:01> nl.basjes.parse.useragent.UserAgentAnalyzer.logVersion(UserAgentAnalyzer.java:131)\------------------------------------------------------------/
<INFO><2017-05-24 16:20:01> nl.basjes.parse.useragent.UserAgentAnalyzer.logVersion(UserAgentAnalyzer.java:132)
<INFO><2017-05-24 16:20:01> nl.basjes.parse.useragent.UserAgentAnalyzer.loadResources(UserAgentAnalyzer.java:155)Loading from: "classpath*:UserAgents/**/*.yaml"
<INFO><2017-05-24 16:20:02> nl.basjes.parse.useragent.UserAgentAnalyzer.loadResources(UserAgentAnalyzer.java:188)Loaded 54 files
<INFO><2017-05-24 16:20:02> nl.basjes.parse.useragent.UserAgentAnalyzer.loadResources(UserAgentAnalyzer.java:203)Building all matchers
<INFO><2017-05-24 16:20:02> nl.basjes.parse.useragent.UserAgentAnalyzer.loadResources(UserAgentAnalyzer.java:236)Building   31 matchers from Android.yaml                    took   140 msec resulted in     5892 extra hashmap entries
<INFO><2017-05-24 16:20:02> nl.basjes.parse.useragent.UserAgentAnalyzer.loadResources(UserAgentAnalyzer.java:236)Building    5 matchers from Anonymized.yaml                 took     6 msec resulted in     3232 extra hashmap entries
<INFO><2017-05-24 16:20:02> nl.basjes.parse.useragent.UserAgentAnalyzer.loadResources(UserAgentAnalyzer.java:236)Building   23 matchers from Apple.yaml                      took    39 msec resulted in     2178 extra hashmap entries
<INFO><2017-05-24 16:20:02> nl.basjes.parse.useragent.UserAgentAnalyzer.loadResources(UserAgentAnalyzer.java:236)Building  195 matchers from AppleTypes.yaml                 took   115 msec resulted in    27170 extra hashmap entries
<INFO><2017-05-24 16:20:02> nl.basjes.parse.useragent.UserAgentAnalyzer.loadResources(UserAgentAnalyzer.java:236)Building   16 matchers from AppleTypesBasic.yaml            took     6 msec resulted in     3272 extra hashmap entries
<INFO><2017-05-24 16:20:02> nl.basjes.parse.useragent.UserAgentAnalyzer.loadResources(UserAgentAnalyzer.java:236)Building    2 matchers from AppleWebview.yaml               took     0 msec resulted in       20 extra hashmap entries
<INFO><2017-05-24 16:20:02> nl.basjes.parse.useragent.UserAgentAnalyzer.loadResources(UserAgentAnalyzer.java:236)Building    2 matchers from Apps.yaml                       took     0 msec resulted in        4 extra hashmap entries
<INFO><2017-05-24 16:20:02> nl.basjes.parse.useragent.UserAgentAnalyzer.loadResources(UserAgentAnalyzer.java:236)Building    3 matchers from Bada.yaml                       took     2 msec resulted in      183 extra hashmap entries
<INFO><2017-05-24 16:20:02> nl.basjes.parse.useragent.UserAgentAnalyzer.loadResources(UserAgentAnalyzer.java:236)Building    4 matchers from BlackBerry.yaml                 took     1 msec resulted in      529 extra hashmap entries
<INFO><2017-05-24 16:20:02> nl.basjes.parse.useragent.UserAgentAnalyzer.loadResources(UserAgentAnalyzer.java:236)Building    6 matchers from BrokenUseragents.yaml           took     2 msec resulted in      254 extra hashmap entries
<INFO><2017-05-24 16:20:02> nl.basjes.parse.useragent.UserAgentAnalyzer.loadResources(UserAgentAnalyzer.java:236)Building   11 matchers from CPUTypes.yaml                   took     5 msec resulted in     3259 extra hashmap entries
<INFO><2017-05-24 16:20:02> nl.basjes.parse.useragent.UserAgentAnalyzer.loadResources(UserAgentAnalyzer.java:236)Building   18 matchers from Facebook.yaml                   took    40 msec resulted in     6000 extra hashmap entries
<INFO><2017-05-24 16:20:02> nl.basjes.parse.useragent.UserAgentAnalyzer.loadResources(UserAgentAnalyzer.java:236)Building   13 matchers from GameConsoles.yaml               took     5 msec resulted in      947 extra hashmap entries
<INFO><2017-05-24 16:20:02> nl.basjes.parse.useragent.UserAgentAnalyzer.loadResources(UserAgentAnalyzer.java:236)Building    9 matchers from GeckoFirefox.yaml               took    28 msec resulted in     4134 extra hashmap entries
<INFO><2017-05-24 16:20:02> nl.basjes.parse.useragent.UserAgentAnalyzer.loadResources(UserAgentAnalyzer.java:236)Building   11 matchers from GoogleChrome.yaml               took     2 msec resulted in       60 extra hashmap entries
<INFO><2017-05-24 16:20:02> nl.basjes.parse.useragent.UserAgentAnalyzer.loadResources(UserAgentAnalyzer.java:236)Building    3 matchers from GoogleFavicon.yaml              took     0 msec resulted in       18 extra hashmap entries
<INFO><2017-05-24 16:20:02> nl.basjes.parse.useragent.UserAgentAnalyzer.loadResources(UserAgentAnalyzer.java:236)Building    8 matchers from GooglePixel.yaml                took    49 msec resulted in        0 extra hashmap entries
<INFO><2017-05-24 16:20:02> nl.basjes.parse.useragent.UserAgentAnalyzer.loadResources(UserAgentAnalyzer.java:236)Building   14 matchers from Hackers-SQLInjections.yaml      took     1 msec resulted in        2 extra hashmap entries
<INFO><2017-05-24 16:20:02> nl.basjes.parse.useragent.UserAgentAnalyzer.loadResources(UserAgentAnalyzer.java:236)Building   15 matchers from Hackers.yaml                    took     1 msec resulted in       74 extra hashmap entries
<INFO><2017-05-24 16:20:02> nl.basjes.parse.useragent.UserAgentAnalyzer.loadResources(UserAgentAnalyzer.java:236)Building    8 matchers from ISOLanguageCode.yaml            took     0 msec resulted in       60 extra hashmap entries
<INFO><2017-05-24 16:20:02> nl.basjes.parse.useragent.UserAgentAnalyzer.loadResources(UserAgentAnalyzer.java:236)Building   17 matchers from InternetExplorer.yaml           took   129 msec resulted in    12381 extra hashmap entries
<INFO><2017-05-24 16:20:02> nl.basjes.parse.useragent.UserAgentAnalyzer.loadResources(UserAgentAnalyzer.java:236)Building    3 matchers from Konqueror.yaml                  took     5 msec resulted in     4420 extra hashmap entries
<INFO><2017-05-24 16:20:02> nl.basjes.parse.useragent.UserAgentAnalyzer.loadResources(UserAgentAnalyzer.java:236)Building    8 matchers from Linux.yaml                      took     2 msec resulted in      371 extra hashmap entries
<INFO><2017-05-24 16:20:02> nl.basjes.parse.useragent.UserAgentAnalyzer.loadResources(UserAgentAnalyzer.java:236)Building    2 matchers from Maxthon.yaml                    took     0 msec resulted in       20 extra hashmap entries
<INFO><2017-05-24 16:20:02> nl.basjes.parse.useragent.UserAgentAnalyzer.loadResources(UserAgentAnalyzer.java:236)Building   31 matchers from Mobile.yaml                     took     2 msec resulted in       75 extra hashmap entries
<INFO><2017-05-24 16:20:02> nl.basjes.parse.useragent.UserAgentAnalyzer.loadResources(UserAgentAnalyzer.java:236)Building   10 matchers from MobileBrand-tests.yaml          took     5 msec resulted in        0 extra hashmap entries
<INFO><2017-05-24 16:20:04> nl.basjes.parse.useragent.UserAgentAnalyzer.loadResources(UserAgentAnalyzer.java:236)Building 1113 matchers from MobileBrands.yaml               took  2230 msec resulted in     1523 extra hashmap entries
<INFO><2017-05-24 16:20:04> nl.basjes.parse.useragent.UserAgentAnalyzer.loadResources(UserAgentAnalyzer.java:236)Building    6 matchers from Mozilla-Testcases.yaml          took     0 msec resulted in       21 extra hashmap entries
<INFO><2017-05-24 16:20:04> nl.basjes.parse.useragent.UserAgentAnalyzer.loadResources(UserAgentAnalyzer.java:236)Building   22 matchers from Nokia.yaml                      took     1 msec resulted in       18 extra hashmap entries
<INFO><2017-05-24 16:20:04> nl.basjes.parse.useragent.UserAgentAnalyzer.loadResources(UserAgentAnalyzer.java:236)Building    5 matchers from Opera.yaml                      took     7 msec resulted in     8030 extra hashmap entries
<INFO><2017-05-24 16:20:05> nl.basjes.parse.useragent.UserAgentAnalyzer.loadResources(UserAgentAnalyzer.java:236)Building  296 matchers from OperatingSystemDeviceNames.yaml took    75 msec resulted in    67706 extra hashmap entries
<INFO><2017-05-24 16:20:05> nl.basjes.parse.useragent.UserAgentAnalyzer.loadResources(UserAgentAnalyzer.java:236)Building    2 matchers from OtherOS.yaml                    took     4 msec resulted in     4400 extra hashmap entries
<INFO><2017-05-24 16:20:05> nl.basjes.parse.useragent.UserAgentAnalyzer.loadResources(UserAgentAnalyzer.java:236)Building   24 matchers from Robots-Bing.yaml                took    49 msec resulted in    10410 extra hashmap entries
<INFO><2017-05-24 16:20:05> nl.basjes.parse.useragent.UserAgentAnalyzer.loadResources(UserAgentAnalyzer.java:236)Building   16 matchers from Robots-Google.yaml              took    11 msec resulted in     6608 extra hashmap entries
<INFO><2017-05-24 16:20:05> nl.basjes.parse.useragent.UserAgentAnalyzer.loadResources(UserAgentAnalyzer.java:236)Building   23 matchers from Robots.yaml                     took    14 msec resulted in     3920 extra hashmap entries
<INFO><2017-05-24 16:20:05> nl.basjes.parse.useragent.UserAgentAnalyzer.loadResources(UserAgentAnalyzer.java:236)Building   11 matchers from Safari.yaml                     took     0 msec resulted in        3 extra hashmap entries
<INFO><2017-05-24 16:20:05> nl.basjes.parse.useragent.UserAgentAnalyzer.loadResources(UserAgentAnalyzer.java:236)Building    3 matchers from Samsung.yaml                    took     0 msec resulted in       11 extra hashmap entries
<INFO><2017-05-24 16:20:05> nl.basjes.parse.useragent.UserAgentAnalyzer.loadResources(UserAgentAnalyzer.java:236)Building    3 matchers from SecurityFlag.yaml               took     0 msec resulted in      960 extra hashmap entries
<INFO><2017-05-24 16:20:05> nl.basjes.parse.useragent.UserAgentAnalyzer.loadResources(UserAgentAnalyzer.java:236)Building    7 matchers from SettopBox.yaml                  took     0 msec resulted in      100 extra hashmap entries
<INFO><2017-05-24 16:20:05> nl.basjes.parse.useragent.UserAgentAnalyzer.loadResources(UserAgentAnalyzer.java:236)Building   24 matchers from SpecialBrowsers.yaml            took     2 msec resulted in      329 extra hashmap entries
<INFO><2017-05-24 16:20:05> nl.basjes.parse.useragent.UserAgentAnalyzer.loadResources(UserAgentAnalyzer.java:236)Building   18 matchers from TV.yaml                         took    22 msec resulted in    19755 extra hashmap entries
<INFO><2017-05-24 16:20:05> nl.basjes.parse.useragent.UserAgentAnalyzer.loadResources(UserAgentAnalyzer.java:236)Building    4 matchers from Tencent.yaml                    took     0 msec resulted in       30 extra hashmap entries
<INFO><2017-05-24 16:20:05> nl.basjes.parse.useragent.UserAgentAnalyzer.loadResources(UserAgentAnalyzer.java:236)Building   28 matchers from URL.yaml                        took    20 msec resulted in    25246 extra hashmap entries
<INFO><2017-05-24 16:20:05> nl.basjes.parse.useragent.UserAgentAnalyzer.loadResources(UserAgentAnalyzer.java:236)Building    9 matchers from UUID.yaml                       took     0 msec resulted in      644 extra hashmap entries
<INFO><2017-05-24 16:20:05> nl.basjes.parse.useragent.UserAgentAnalyzer.loadResources(UserAgentAnalyzer.java:236)Building    2 matchers from Watches.yaml                    took     0 msec resulted in        9 extra hashmap entries
<INFO><2017-05-24 16:20:05> nl.basjes.parse.useragent.UserAgentAnalyzer.loadResources(UserAgentAnalyzer.java:236)Building    8 matchers from Windows.yaml                    took     2 msec resulted in      690 extra hashmap entries
<INFO><2017-05-24 16:20:05> nl.basjes.parse.useragent.UserAgentAnalyzer.loadResources(UserAgentAnalyzer.java:236)Building    4 matchers from WindowsCE.yaml                  took     5 msec resulted in     4400 extra hashmap entries
<INFO><2017-05-24 16:20:05> nl.basjes.parse.useragent.UserAgentAnalyzer.loadResources(UserAgentAnalyzer.java:236)Building    1 matchers from WindowsOEMCodes.yaml            took     0 msec resulted in        0 extra hashmap entries
<INFO><2017-05-24 16:20:05> nl.basjes.parse.useragent.UserAgentAnalyzer.loadResources(UserAgentAnalyzer.java:236)Building    9 matchers from WindowsPhone.yaml               took     3 msec resulted in     1340 extra hashmap entries
<INFO><2017-05-24 16:20:05> nl.basjes.parse.useragent.UserAgentAnalyzer.loadResources(UserAgentAnalyzer.java:236)Building    5 matchers from eBook.yaml                      took     3 msec resulted in     3270 extra hashmap entries
<INFO><2017-05-24 16:20:05> nl.basjes.parse.useragent.UserAgentAnalyzer.loadResources(UserAgentAnalyzer.java:248)Building 2111 (dropped    0) matchers from   50 files took  3135 msec resulted in   233978 hashmap entries
<INFO><2017-05-24 16:20:05> nl.basjes.parse.useragent.UserAgentAnalyzer.loadResources(UserAgentAnalyzer.java:251)Analyzer stats
<INFO><2017-05-24 16:20:05> nl.basjes.parse.useragent.UserAgentAnalyzer.loadResources(UserAgentAnalyzer.java:252)Lookups      : 23
<INFO><2017-05-24 16:20:05> nl.basjes.parse.useragent.UserAgentAnalyzer.loadResources(UserAgentAnalyzer.java:253)Matchers     : 2111 (total:2111 ; dropped: 0)
<INFO><2017-05-24 16:20:05> nl.basjes.parse.useragent.UserAgentAnalyzer.loadResources(UserAgentAnalyzer.java:254)Hashmap size : 233978
<INFO><2017-05-24 16:20:05> nl.basjes.parse.useragent.UserAgentAnalyzer.loadResources(UserAgentAnalyzer.java:255)Testcases    : 720
